# JRE version: Java(TM) SE Runtime Environment (17.0.1+12) (build 17.0.1+12-LTS-39)
# Java VM: Java HotSpot(TM) 64-Bit Server VM (17.0.1+12-LTS-39, mixed mode, emulated-client, sharing, tiered, compressed oops, compressed class ptrs, g1 gc, windows-amd64)
GC Precious Log:
 CPUs: 8 total, 8 available
 Memory: 7834M
 Large Page Support: Disabled
 NUMA Support: Disabled
 Compressed Oops: Enabled (32-bit)
 Heap Region Size: 1M
 Heap Min Capacity: 8M
 Heap Initial Capacity: 124M
 Heap Max Capacity: 1960M
 Pre-touch: Disabled
 Parallel Workers: 8
 Concurrent Workers: 2
 Concurrent Refinement Workers: 8
 Periodic GC: Disabled
Heap:
 garbage-first heap   total 278528K, used 60513K [0x0000000085800000, 0x0000000100000000)
  region size 1024K, 30 young (30720K), 21 survivors (21504K)
 Metaspace       used 18559K, committed 18816K, reserved 1073152K
  class space    used 2543K, committed 2688K, reserved 1048576K
GC Heap History (12 events):
Event: 0.709 GC heap before
{Heap before GC invocations=0 (full 0):
 garbage-first heap   total 126976K, used 23552K [0x0000000085800000, 0x0000000100000000)
  region size 1024K, 23 young (23552K), 0 survivors (0K)
 Metaspace       used 3243K, committed 3456K, reserved 1056768K
  class space    used 378K, committed 512K, reserved 1048576K
}
Event: 0.720 GC heap after
{Heap after GC invocations=1 (full 0):
 garbage-first heap   total 126976K, used 10048K [0x0000000085800000, 0x0000000100000000)
  region size 1024K, 3 young (3072K), 3 survivors (3072K)
 Metaspace       used 3243K, committed 3456K, reserved 1056768K
  class space    used 378K, committed 512K, reserved 1048576K
}
Event: 1.080 GC heap before
{Heap before GC invocations=1 (full 0):
 garbage-first heap   total 126976K, used 28480K [0x0000000085800000, 0x0000000100000000)
  region size 1024K, 20 young (20480K), 3 survivors (3072K)
 Metaspace       used 3466K, committed 3648K, reserved 1056768K
  class space    used 422K, committed 512K, reserved 1048576K
}
Event: 1.092 GC heap after
{Heap after GC invocations=2 (full 0):
 garbage-first heap   total 126976K, used 23002K [0x0000000085800000, 0x0000000100000000)
  region size 1024K, 3 young (3072K), 3 survivors (3072K)
 Metaspace       used 3466K, committed 3648K, reserved 1056768K
  class space    used 422K, committed 512K, reserved 1048576K
}
Event: 1.147 GC heap before
{Heap before GC invocations=2 (full 0):
 garbage-first heap   total 126976K, used 48602K [0x0000000085800000, 0x0000000100000000)
  region size 1024K, 29 young (29696K), 3 survivors (3072K)
 Metaspace       used 3467K, committed 3648K, reserved 1056768K
  class space    used 422K, committed 512K, reserved 1048576K
}
Event: 1.159 GC heap after
{Heap after GC invocations=3 (full 0):
 garbage-first heap   total 126976K, used 26108K [0x0000000085800000, 0x0000000100000000)
  region size 1024K, 3 young (3072K), 3 survivors (3072K)
 Metaspace       used 3467K, committed 3648K, reserved 1056768K
  class space    used 422K, committed 512K, reserved 1048576K
}
Event: 1.167 GC heap before
{Heap before GC invocations=3 (full 0):
 garbage-first heap   total 126976K, used 66044K [0x0000000085800000, 0x0000000100000000)
  region size 1024K, 43 young (44032K), 3 survivors (3072K)
 Metaspace       used 3467K, committed 3648K, reserved 1056768K
  class space    used 422K, committed 512K, reserved 1048576K
}
Event: 1.172 GC heap after
{Heap after GC invocations=4 (full 0):
 garbage-first heap   total 126976K, used 26112K [0x0000000085800000, 0x0000000100000000)
  region size 1024K, 3 young (3072K), 3 survivors (3072K)
 Metaspace       used 3467K, committed 3648K, reserved 1056768K
  class space    used 422K, committed 512K, reserved 1048576K
}
Event: 1.223 GC heap before
{Heap before GC invocations=4 (full 0):
 garbage-first heap   total 126976K, used 89600K [0x0000000085800000, 0x0000000100000000)
  region size 1024K, 66 young (67584K), 3 survivors (3072K)
 Metaspace       used 3467K, committed 3648K, reserved 1056768K
  class space    used 422K, committed 512K, reserved 1048576K
}
Event: 1.241 GC heap after
{Heap after GC invocations=5 (full 0):
 garbage-first heap   total 278528K, used 29447K [0x0000000085800000, 0x0000000100000000)
  region size 1024K, 7 young (7168K), 7 survivors (7168K)
 Metaspace       used 3467K, committed 3648K, reserved 1056768K
  class space    used 422K, committed 512K, reserved 1048576K
}
Event: 2.929 GC heap before
{Heap before GC invocations=5 (full 0):
 garbage-first heap   total 278528K, used 191239K [0x0000000085800000, 0x0000000100000000)
  region size 1024K, 163 young (166912K), 7 survivors (7168K)
 Metaspace       used 18025K, committed 18368K, reserved 1073152K
  class space    used 2472K, committed 2624K, reserved 1048576K
}
Event: 2.945 GC heap after
{Heap after GC invocations=6 (full 0):
 garbage-first heap   total 278528K, used 52321K [0x0000000085800000, 0x0000000100000000)
  region size 1024K, 21 young (21504K), 21 survivors (21504K)
 Metaspace       used 18025K, committed 18368K, reserved 1073152K
  class space    used 2472K, committed 2624K, reserved 1048576K
}

